<?xml version="1.0" encoding="UTF-8" ?>
<testsuite errors="0" failures="0" hostname="MacBook-Pro-de-iOS.local" name="lifegame_tests.LifeGameTests" skipped="0" tests="9" time="5.186" timestamp="2016-12-24T10:29:54">
  <properties>
[...]
</properties>
  <testcase classname="lifegame_tests.LifeGameTests" name="sardineDieAutomaticallyBeforePotentialMaxAge" time="0.002" />
  <testcase classname="lifegame_tests.LifeGameTests" name="requinDieAutomaticallyBeforePotentialMaxAge" time="0.0" />
  <testcase classname="lifegame_tests.LifeGameTests" name="setRequinNegativeAge" time="0.001" />
  <testcase classname="lifegame_tests.LifeGameTests" name="setRequinZeroAge" time="0.0" />
  <testcase classname="lifegame_tests.LifeGameTests" name="setSardineNegativeAge" time="0.001" />
  <testcase classname="lifegame_tests.LifeGameTests" name="setSardineHugeAge" time="0.0" />
  <testcase classname="lifegame_tests.LifeGameTests" name="setRequinHugeAge" time="0.001" />
  <testcase classname="lifegame_tests.LifeGameTests" name="sardineNotEqualsRequin" time="0.0" />
  <testcase classname="lifegame_tests.LifeGameTests" name="setSardineZeroAge" time="0.0" />
  <system-out><![CDATA[]]></system-out>
  <system-err><![CDATA[]]></system-err>
</testsuite>
